[2017-02-17 11:13:14][ERROR]Slf4jLogger.java:74 -  [DUBBO] Unexpected error occur at send statistic, cause: Invoke remote method timeout. method: collect, provider: dubbo://192.168.184.10:7070/com.alibaba.dubbo.monitor.MonitorService?check=false&cluster=failsafe&dubbo=2.5.4&interface=com.alibaba.dubbo.monitor.MonitorService&pid=19823&reference.filter=-monitor&timestamp=1487230107335, cause: Waiting server-side response timeout. start time: 2017-02-17 11:13:13.199, end time: 2017-02-17 11:13:14.221, client elapsed: 2 ms, server elapsed: 1008 ms, timeout: 1000 ms, request: Request [id=317, version=2.0.0, twoway=true, event=false, broken=false, data=RpcInvocation [methodName=collect, parameterTypes=[class com.alibaba.dubbo.common.URL], arguments=[count://192.168.141.85:20880/com.xkeshi.task.apis.TaskDubboService/sendExportTask?application=task-dubbo&concurrent=0&consumer=192.168.141.85&elapsed=0&failure=0&input=0&interface=com.xkeshi.task.apis.TaskDubboService&max.concurrent=0&max.elapsed=0&max.input=0&max.output=0&method=sendExportTask&output=0&success=0&timestamp=1487301193199], attachments={path=com.alibaba.dubbo.monitor.MonitorService, interface=com.alibaba.dubbo.monitor.MonitorService, version=0.0.0}]], channel: 192.168.141.85:0 -> /192.168.184.10:7070, dubbo version: 2.5.4, current host: 192.168.141.85
com.alibaba.dubbo.rpc.RpcException: Invoke remote method timeout. method: collect, provider: dubbo://192.168.184.10:7070/com.alibaba.dubbo.monitor.MonitorService?check=false&cluster=failsafe&dubbo=2.5.4&interface=com.alibaba.dubbo.monitor.MonitorService&pid=19823&reference.filter=-monitor&timestamp=1487230107335, cause: Waiting server-side response timeout. start time: 2017-02-17 11:13:13.199, end time: 2017-02-17 11:13:14.221, client elapsed: 2 ms, server elapsed: 1008 ms, timeout: 1000 ms, request: Request [id=317, version=2.0.0, twoway=true, event=false, broken=false, data=RpcInvocation [methodName=collect, parameterTypes=[class com.alibaba.dubbo.common.URL], arguments=[count://192.168.141.85:20880/com.xkeshi.task.apis.TaskDubboService/sendExportTask?application=task-dubbo&concurrent=0&consumer=192.168.141.85&elapsed=0&failure=0&input=0&interface=com.xkeshi.task.apis.TaskDubboService&max.concurrent=0&max.elapsed=0&max.input=0&max.output=0&method=sendExportTask&output=0&success=0&timestamp=1487301193199], attachments={path=com.alibaba.dubbo.monitor.MonitorService, interface=com.alibaba.dubbo.monitor.MonitorService, version=0.0.0}]], channel: 192.168.141.85:0 -> /192.168.184.10:7070
	at com.alibaba.dubbo.rpc.protocol.dubbo.DubboInvoker.doInvoke(DubboInvoker.java:99)
	at com.alibaba.dubbo.rpc.protocol.AbstractInvoker.invoke(AbstractInvoker.java:144)
	at com.alibaba.dubbo.rpc.listener.ListenerInvokerWrapper.invoke(ListenerInvokerWrapper.java:74)
	at com.alibaba.dubbo.rpc.protocol.dubbo.filter.FutureFilter.invoke(FutureFilter.java:53)
	at com.alibaba.dubbo.rpc.protocol.ProtocolFilterWrapper$1.invoke(ProtocolFilterWrapper.java:91)
	at com.alibaba.dubbo.rpc.filter.ConsumerContextFilter.invoke(ConsumerContextFilter.java:48)
	at com.alibaba.dubbo.rpc.protocol.ProtocolFilterWrapper$1.invoke(ProtocolFilterWrapper.java:91)
	at com.alibaba.dubbo.rpc.proxy.InvokerInvocationHandler.invoke(InvokerInvocationHandler.java:52)
	at com.alibaba.dubbo.common.bytecode.proxy0.collect(proxy0.java)
	at com.alibaba.dubbo.monitor.dubbo.DubboMonitor.send(DubboMonitor.java:113)
	at com.alibaba.dubbo.monitor.dubbo.DubboMonitor$1.run(DubboMonitor.java:70)
	at java.util.concurrent.Executors$RunnableAdapter.call(Executors.java:511)
	at java.util.concurrent.FutureTask.runAndReset(FutureTask.java:308)
	at java.util.concurrent.ScheduledThreadPoolExecutor$ScheduledFutureTask.access$301(ScheduledThreadPoolExecutor.java:180)
	at java.util.concurrent.ScheduledThreadPoolExecutor$ScheduledFutureTask.run(ScheduledThreadPoolExecutor.java:294)
	at java.util.concurrent.ThreadPoolExecutor.runWorker(ThreadPoolExecutor.java:1142)
	at java.util.concurrent.ThreadPoolExecutor$Worker.run(ThreadPoolExecutor.java:617)
	at java.lang.Thread.run(Thread.java:745)
Caused by: com.alibaba.dubbo.remoting.TimeoutException: Waiting server-side response timeout. start time: 2017-02-17 11:13:13.199, end time: 2017-02-17 11:13:14.221, client elapsed: 2 ms, server elapsed: 1008 ms, timeout: 1000 ms, request: Request [id=317, version=2.0.0, twoway=true, event=false, broken=false, data=RpcInvocation [methodName=collect, parameterTypes=[class com.alibaba.dubbo.common.URL], arguments=[count://192.168.141.85:20880/com.xkeshi.task.apis.TaskDubboService/sendExportTask?application=task-dubbo&concurrent=0&consumer=192.168.141.85&elapsed=0&failure=0&input=0&interface=com.xkeshi.task.apis.TaskDubboService&max.concurrent=0&max.elapsed=0&max.input=0&max.output=0&method=sendExportTask&output=0&success=0&timestamp=1487301193199], attachments={path=com.alibaba.dubbo.monitor.MonitorService, interface=com.alibaba.dubbo.monitor.MonitorService, version=0.0.0}]], channel: 192.168.141.85:0 -> /192.168.184.10:7070
	at com.alibaba.dubbo.remoting.exchange.support.DefaultFuture.get(DefaultFuture.java:107)
	at com.alibaba.dubbo.remoting.exchange.support.DefaultFuture.get(DefaultFuture.java:84)
	at com.alibaba.dubbo.rpc.protocol.dubbo.DubboInvoker.doInvoke(DubboInvoker.java:96)
	... 17 more
[2017-02-17 13:59:12][ERROR]Log4jFilter.java:152 - {conn-10002, pstmt-20002} execute error. update task_out set result = ?,task_status = ? where id = ?
com.mysql.jdbc.MysqlDataTruncation: Data truncation: Data too long for column 'result' at row 1
	at com.mysql.jdbc.MysqlIO.checkErrorPacket(MysqlIO.java:4185)
	at com.mysql.jdbc.MysqlIO.checkErrorPacket(MysqlIO.java:4119)
	at com.mysql.jdbc.MysqlIO.sendCommand(MysqlIO.java:2570)
	at com.mysql.jdbc.MysqlIO.sqlQueryDirect(MysqlIO.java:2731)
	at com.mysql.jdbc.ConnectionImpl.execSQL(ConnectionImpl.java:2815)
	at com.mysql.jdbc.PreparedStatement.executeInternal(PreparedStatement.java:2155)
	at com.mysql.jdbc.PreparedStatement.execute(PreparedStatement.java:1379)
	at com.alibaba.druid.filter.FilterChainImpl.preparedStatement_execute(FilterChainImpl.java:2931)
	at com.alibaba.druid.filter.FilterEventAdapter.preparedStatement_execute(FilterEventAdapter.java:440)
	at com.alibaba.druid.filter.FilterChainImpl.preparedStatement_execute(FilterChainImpl.java:2929)
	at com.alibaba.druid.filter.FilterEventAdapter.preparedStatement_execute(FilterEventAdapter.java:440)
	at com.alibaba.druid.filter.FilterChainImpl.preparedStatement_execute(FilterChainImpl.java:2929)
	at com.alibaba.druid.wall.WallFilter.preparedStatement_execute(WallFilter.java:583)
	at com.alibaba.druid.filter.FilterChainImpl.preparedStatement_execute(FilterChainImpl.java:2929)
	at com.alibaba.druid.proxy.jdbc.PreparedStatementProxyImpl.execute(PreparedStatementProxyImpl.java:118)
	at com.alibaba.druid.pool.DruidPooledPreparedStatement.execute(DruidPooledPreparedStatement.java:493)
	at org.apache.ibatis.executor.statement.PreparedStatementHandler.update(PreparedStatementHandler.java:45)
	at org.apache.ibatis.executor.statement.RoutingStatementHandler.update(RoutingStatementHandler.java:73)
	at sun.reflect.NativeMethodAccessorImpl.invoke0(Native Method)
	at sun.reflect.NativeMethodAccessorImpl.invoke(NativeMethodAccessorImpl.java:62)
	at sun.reflect.DelegatingMethodAccessorImpl.invoke(DelegatingMethodAccessorImpl.java:43)
	at java.lang.reflect.Method.invoke(Method.java:498)
	at org.apache.ibatis.plugin.Plugin.invoke(Plugin.java:63)
	at com.sun.proxy.$Proxy38.update(Unknown Source)
	at org.apache.ibatis.executor.ReuseExecutor.doUpdate(ReuseExecutor.java:51)
	at org.apache.ibatis.executor.BaseExecutor.update(BaseExecutor.java:115)
	at org.apache.ibatis.session.defaults.DefaultSqlSession.update(DefaultSqlSession.java:170)
	at sun.reflect.NativeMethodAccessorImpl.invoke0(Native Method)
	at sun.reflect.NativeMethodAccessorImpl.invoke(NativeMethodAccessorImpl.java:62)
	at sun.reflect.DelegatingMethodAccessorImpl.invoke(DelegatingMethodAccessorImpl.java:43)
	at java.lang.reflect.Method.invoke(Method.java:498)
	at org.mybatis.spring.SqlSessionTemplate$SqlSessionInterceptor.invoke(SqlSessionTemplate.java:408)
	at com.sun.proxy.$Proxy27.update(Unknown Source)
	at org.mybatis.spring.SqlSessionTemplate.update(SqlSessionTemplate.java:270)
	at org.apache.ibatis.binding.MapperMethod.execute(MapperMethod.java:55)
	at org.apache.ibatis.binding.MapperProxy.invoke(MapperProxy.java:53)
	at com.sun.proxy.$Proxy28.updateOutputTaskResult(Unknown Source)
	at com.xkeshi.task.services.impl.TaskServiceImpl.updateOutputTaskResult(TaskServiceImpl.java:41)
	at com.xkeshi.task.services.compnents.mq.FileProcessor.processExport(FileProcessor.java:31)
	at com.xkeshi.task.services.compnents.mq.ons.OnsExportProcess.doProcess(OnsExportProcess.java:23)
	at com.xkeshi.core.common.ons.AbstractMessageProcess.process(AbstractMessageProcess.java:24)
	at com.xkeshi.core.common.ons.MessageHandlerFactory$1.doConsume(MessageHandlerFactory.java:111)
	at com.xkeshi.core.common.ons.AbstractMessageListener.consume(AbstractMessageListener.java:43)
	at com.aliyun.openservices.ons.api.impl.rocketmq.ConsumerImpl$MessageListenerImpl.consumeMessage(ConsumerImpl.java:172)
	at com.aliyun.openservices.shade.com.alibaba.rocketmq.client.impl.consumer.ConsumeMessageConcurrentlyService$ConsumeRequest.run(ConsumeMessageConcurrentlyService.java:413)
	at java.util.concurrent.Executors$RunnableAdapter.call(Executors.java:511)
	at java.util.concurrent.FutureTask.run(FutureTask.java:266)
	at java.util.concurrent.ThreadPoolExecutor.runWorker(ThreadPoolExecutor.java:1142)
	at java.util.concurrent.ThreadPoolExecutor$Worker.run(ThreadPoolExecutor.java:617)
	at java.lang.Thread.run(Thread.java:745)
[2017-02-17 13:59:12][ERROR]AbstractMessageProcess.java:28 - 消息{C0A88D55599035C4E86452D2DD8A000C_DEV-FILE-SYNC-DB_export}消费失败
org.springframework.dao.DataIntegrityViolationException: 
### Error updating database.  Cause: com.mysql.jdbc.MysqlDataTruncation: Data truncation: Data too long for column 'result' at row 1
### The error may involve defaultParameterMap
### The error occurred while setting parameters
### SQL: update task_out set result = ?,task_status = ? where id = ?
### Cause: com.mysql.jdbc.MysqlDataTruncation: Data truncation: Data too long for column 'result' at row 1
; SQL []; Data truncation: Data too long for column 'result' at row 1; nested exception is com.mysql.jdbc.MysqlDataTruncation: Data truncation: Data too long for column 'result' at row 1
	at org.springframework.jdbc.support.SQLStateSQLExceptionTranslator.doTranslate(SQLStateSQLExceptionTranslator.java:100)
	at org.springframework.jdbc.support.AbstractFallbackSQLExceptionTranslator.translate(AbstractFallbackSQLExceptionTranslator.java:72)
	at org.springframework.jdbc.support.AbstractFallbackSQLExceptionTranslator.translate(AbstractFallbackSQLExceptionTranslator.java:80)
	at org.springframework.jdbc.support.AbstractFallbackSQLExceptionTranslator.translate(AbstractFallbackSQLExceptionTranslator.java:80)
	at org.mybatis.spring.MyBatisExceptionTranslator.translateExceptionIfPossible(MyBatisExceptionTranslator.java:74)
	at org.mybatis.spring.SqlSessionTemplate$SqlSessionInterceptor.invoke(SqlSessionTemplate.java:421)
	at com.sun.proxy.$Proxy27.update(Unknown Source)
	at org.mybatis.spring.SqlSessionTemplate.update(SqlSessionTemplate.java:270)
	at org.apache.ibatis.binding.MapperMethod.execute(MapperMethod.java:55)
	at org.apache.ibatis.binding.MapperProxy.invoke(MapperProxy.java:53)
	at com.sun.proxy.$Proxy28.updateOutputTaskResult(Unknown Source)
	at com.xkeshi.task.services.impl.TaskServiceImpl.updateOutputTaskResult(TaskServiceImpl.java:41)
	at com.xkeshi.task.services.compnents.mq.FileProcessor.processExport(FileProcessor.java:31)
	at com.xkeshi.task.services.compnents.mq.ons.OnsExportProcess.doProcess(OnsExportProcess.java:23)
	at com.xkeshi.core.common.ons.AbstractMessageProcess.process(AbstractMessageProcess.java:24)
	at com.xkeshi.core.common.ons.MessageHandlerFactory$1.doConsume(MessageHandlerFactory.java:111)
	at com.xkeshi.core.common.ons.AbstractMessageListener.consume(AbstractMessageListener.java:43)
	at com.aliyun.openservices.ons.api.impl.rocketmq.ConsumerImpl$MessageListenerImpl.consumeMessage(ConsumerImpl.java:172)
	at com.aliyun.openservices.shade.com.alibaba.rocketmq.client.impl.consumer.ConsumeMessageConcurrentlyService$ConsumeRequest.run(ConsumeMessageConcurrentlyService.java:413)
	at java.util.concurrent.Executors$RunnableAdapter.call(Executors.java:511)
	at java.util.concurrent.FutureTask.run(FutureTask.java:266)
	at java.util.concurrent.ThreadPoolExecutor.runWorker(ThreadPoolExecutor.java:1142)
	at java.util.concurrent.ThreadPoolExecutor$Worker.run(ThreadPoolExecutor.java:617)
	at java.lang.Thread.run(Thread.java:745)
Caused by: com.mysql.jdbc.MysqlDataTruncation: Data truncation: Data too long for column 'result' at row 1
	at com.mysql.jdbc.MysqlIO.checkErrorPacket(MysqlIO.java:4185)
	at com.mysql.jdbc.MysqlIO.checkErrorPacket(MysqlIO.java:4119)
	at com.mysql.jdbc.MysqlIO.sendCommand(MysqlIO.java:2570)
	at com.mysql.jdbc.MysqlIO.sqlQueryDirect(MysqlIO.java:2731)
	at com.mysql.jdbc.ConnectionImpl.execSQL(ConnectionImpl.java:2815)
	at com.mysql.jdbc.PreparedStatement.executeInternal(PreparedStatement.java:2155)
	at com.mysql.jdbc.PreparedStatement.execute(PreparedStatement.java:1379)
	at com.alibaba.druid.filter.FilterChainImpl.preparedStatement_execute(FilterChainImpl.java:2931)
	at com.alibaba.druid.filter.FilterEventAdapter.preparedStatement_execute(FilterEventAdapter.java:440)
	at com.alibaba.druid.filter.FilterChainImpl.preparedStatement_execute(FilterChainImpl.java:2929)
	at com.alibaba.druid.filter.FilterEventAdapter.preparedStatement_execute(FilterEventAdapter.java:440)
	at com.alibaba.druid.filter.FilterChainImpl.preparedStatement_execute(FilterChainImpl.java:2929)
	at com.alibaba.druid.wall.WallFilter.preparedStatement_execute(WallFilter.java:583)
	at com.alibaba.druid.filter.FilterChainImpl.preparedStatement_execute(FilterChainImpl.java:2929)
	at com.alibaba.druid.proxy.jdbc.PreparedStatementProxyImpl.execute(PreparedStatementProxyImpl.java:118)
	at com.alibaba.druid.pool.DruidPooledPreparedStatement.execute(DruidPooledPreparedStatement.java:493)
	at org.apache.ibatis.executor.statement.PreparedStatementHandler.update(PreparedStatementHandler.java:45)
	at org.apache.ibatis.executor.statement.RoutingStatementHandler.update(RoutingStatementHandler.java:73)
	at sun.reflect.NativeMethodAccessorImpl.invoke0(Native Method)
	at sun.reflect.NativeMethodAccessorImpl.invoke(NativeMethodAccessorImpl.java:62)
	at sun.reflect.DelegatingMethodAccessorImpl.invoke(DelegatingMethodAccessorImpl.java:43)
	at java.lang.reflect.Method.invoke(Method.java:498)
	at org.apache.ibatis.plugin.Plugin.invoke(Plugin.java:63)
	at com.sun.proxy.$Proxy38.update(Unknown Source)
	at org.apache.ibatis.executor.ReuseExecutor.doUpdate(ReuseExecutor.java:51)
	at org.apache.ibatis.executor.BaseExecutor.update(BaseExecutor.java:115)
	at org.apache.ibatis.session.defaults.DefaultSqlSession.update(DefaultSqlSession.java:170)
	at sun.reflect.NativeMethodAccessorImpl.invoke0(Native Method)
	at sun.reflect.NativeMethodAccessorImpl.invoke(NativeMethodAccessorImpl.java:62)
	at sun.reflect.DelegatingMethodAccessorImpl.invoke(DelegatingMethodAccessorImpl.java:43)
	at java.lang.reflect.Method.invoke(Method.java:498)
	at org.mybatis.spring.SqlSessionTemplate$SqlSessionInterceptor.invoke(SqlSessionTemplate.java:408)
	... 18 more
